# JRE version: Java(TM) SE Runtime Environment (8.0_71-b15) (build 1.8.0_71-b15)
# Java VM: Java HotSpot(TM) Client VM (25.71-b15 mixed mode windows-x86 )
Heap:
 def new generation   total 5056K, used 1054K [0x04200000, 0x04770000, 0x19750000)
  eden space 4544K,  16% used [0x04200000, 0x042ba070, 0x04670000)
  from space 512K,  60% used [0x04670000, 0x046bd820, 0x046f0000)
  to   space 512K,   0% used [0x046f0000, 0x046f0000, 0x04770000)
 tenured generation   total 11084K, used 7869K [0x19750000, 0x1a223000, 0x44200000)
   the space 11084K,  71% used [0x19750000, 0x19eff7d8, 0x19eff800, 0x1a223000)
 Metaspace       used 10499K, capacity 10678K, committed 10880K, reserved 11648K
GC Heap History (10 events):
Event: 6.416 GC heap before
{Heap before GC invocations=25 (full 0):
 def new generation   total 4928K, used 4821K [0x04200000, 0x04750000, 0x19750000)
  eden space 4416K,  97% used [0x04200000, 0x04635758, 0x04650000)
  from space 512K, 100% used [0x046d0000, 0x04750000, 0x04750000)
  to   space 512K,   0% used [0x04650000, 0x04650000, 0x046d0000)
 tenured generation   total 10944K, used 10110K [0x19750000, 0x1a200000, 0x44200000)
   the space 10944K,  92% used [0x19750000, 0x1a12fa88, 0x1a12fc00, 0x1a200000)
 Metaspace       used 9466K, capacity 9649K, committed 9856K, reserved 10624K
Event: 6.419 GC heap after
Heap after GC invocations=26 (full 0):
 def new generation   total 4928K, used 37K [0x04200000, 0x04750000, 0x19750000)
  eden space 4416K,   0% used [0x04200000, 0x04200000, 0x04650000)
  from space 512K,   7% used [0x04650000, 0x04659518, 0x046d0000)
  to   space 512K,   0% used [0x046d0000, 0x046d0000, 0x04750000)
 tenured generation   total 10944K, used 10112K [0x19750000, 0x1a200000, 0x44200000)
   the space 10944K,  92% used [0x19750000, 0x1a130028, 0x1a130200, 0x1a200000)
 Metaspace       used 9466K, capacity 9649K, committed 9856K, reserved 10624K
}
Event: 6.483 GC heap before
{Heap before GC invocations=26 (full 0):
 def new generation   total 4928K, used 4453K [0x04200000, 0x04750000, 0x19750000)
  eden space 4416K, 100% used [0x04200000, 0x04650000, 0x04650000)
  from space 512K,   7% used [0x04650000, 0x04659518, 0x046d0000)
  to   space 512K,   0% used [0x046d0000, 0x046d0000, 0x04750000)
 tenured generation   total 10944K, used 10112K [0x19750000, 0x1a200000, 0x44200000)
   the space 10944K,  92% used [0x19750000, 0x1a130028, 0x1a130200, 0x1a200000)
 Metaspace       used 9481K, capacity 9649K, committed 9856K, reserved 10624K
Event: 6.492 GC heap after
Heap after GC invocations=27 (full 0):
 def new generation   total 4928K, used 512K [0x04200000, 0x04750000, 0x19750000)
  eden space 4416K,   0% used [0x04200000, 0x04200000, 0x04650000)
  from space 512K, 100% used [0x046d0000, 0x04750000, 0x04750000)
  to   space 512K,   0% used [0x04650000, 0x04650000, 0x046d0000)
 tenured generation   total 10944K, used 10757K [0x19750000, 0x1a200000, 0x44200000)
   the space 10944K,  98% used [0x19750000, 0x1a1d1430, 0x1a1d1600, 0x1a200000)
 Metaspace       used 9481K, capacity 9649K, committed 9856K, reserved 10624K
}
Event: 6.517 GC heap before
{Heap before GC invocations=27 (full 0):
 def new generation   total 4928K, used 4928K [0x04200000, 0x04750000, 0x19750000)
  eden space 4416K, 100% used [0x04200000, 0x04650000, 0x04650000)
  from space 512K, 100% used [0x046d0000, 0x04750000, 0x04750000)
  to   space 512K,   0% used [0x04650000, 0x04650000, 0x046d0000)
 tenured generation   total 10944K, used 10757K [0x19750000, 0x1a200000, 0x44200000)
   the space 10944K,  98% used [0x19750000, 0x1a1d1430, 0x1a1d1600, 0x1a200000)
 Metaspace       used 9481K, capacity 9649K, committed 9856K, reserved 10624K
Event: 6.573 GC heap after
Heap after GC invocations=28 (full 1):
 def new generation   total 5056K, used 0K [0x04200000, 0x04770000, 0x19750000)
  eden space 4544K,   0% used [0x04200000, 0x04200000, 0x04670000)
  from space 512K,   0% used [0x04670000, 0x04670000, 0x046f0000)
  to   space 512K,   0% used [0x046f0000, 0x046f0000, 0x04770000)
 tenured generation   total 11084K, used 6648K [0x19750000, 0x1a223000, 0x44200000)
   the space 11084K,  59% used [0x19750000, 0x19dce378, 0x19dce400, 0x1a223000)
 Metaspace       used 9481K, capacity 9649K, committed 9856K, reserved 10624K
}
Event: 7.047 GC heap before
{Heap before GC invocations=28 (full 1):
 def new generation   total 5056K, used 4544K [0x04200000, 0x04770000, 0x19750000)
  eden space 4544K, 100% used [0x04200000, 0x04670000, 0x04670000)
  from space 512K,   0% used [0x04670000, 0x04670000, 0x046f0000)
  to   space 512K,   0% used [0x046f0000, 0x046f0000, 0x04770000)
 tenured generation   total 11084K, used 6648K [0x19750000, 0x1a223000, 0x44200000)
   the space 11084K,  59% used [0x19750000, 0x19dce378, 0x19dce400, 0x1a223000)
 Metaspace       used 10343K, capacity 10518K, committed 10752K, reserved 11648K
Event: 7.054 GC heap after
Heap after GC invocations=29 (full 1):
 def new generation   total 5056K, used 427K [0x04200000, 0x04770000, 0x19750000)
  eden space 4544K,   0% used [0x04200000, 0x04200000, 0x04670000)
  from space 512K,  83% used [0x046f0000, 0x0475aee0, 0x04770000)
  to   space 512K,   0% used [0x04670000, 0x04670000, 0x046f0000)
 tenured generation   total 11084K, used 7625K [0x19750000, 0x1a223000, 0x44200000)
   the space 11084K,  68% used [0x19750000, 0x19ec25c8, 0x19ec2600, 0x1a223000)
 Metaspace       used 10343K, capacity 10518K, committed 10752K, reserved 11648K
}
Event: 7.165 GC heap before
{Heap before GC invocations=29 (full 1):
 def new generation   total 5056K, used 4971K [0x04200000, 0x04770000, 0x19750000)
  eden space 4544K, 100% used [0x04200000, 0x04670000, 0x04670000)
  from space 512K,  83% used [0x046f0000, 0x0475aee0, 0x04770000)
  to   space 512K,   0% used [0x04670000, 0x04670000, 0x046f0000)
 tenured generation   total 11084K, used 7625K [0x19750000, 0x1a223000, 0x44200000)
   the space 11084K,  68% used [0x19750000, 0x19ec25c8, 0x19ec2600, 0x1a223000)
 Metaspace       used 10427K, capacity 10614K, committed 10752K, reserved 11648K
Event: 7.171 GC heap after
Heap after GC invocations=30 (full 1):
 def new generation   total 5056K, used 310K [0x04200000, 0x04770000, 0x19750000)
  eden space 4544K,   0% used [0x04200000, 0x04200000, 0x04670000)
  from space 512K,  60% used [0x04670000, 0x046bd820, 0x046f0000)
  to   space 512K,   0% used [0x046f0000, 0x046f0000, 0x04770000)
 tenured generation   total 11084K, used 7869K [0x19750000, 0x1a223000, 0x44200000)
   the space 11084K,  71% used [0x19750000, 0x19eff7d8, 0x19eff800, 0x1a223000)
 Metaspace       used 10427K, capacity 10614K, committed 10752K, reserved 11648K
}

